Release 14.7 - xst P.20131013 (lin64)
Copyright (c) 1995-2013 Xilinx, Inc.  All rights reserved.
--> 
Parameter TMPDIR set to xst/projnav.tmp


Total REAL time to Xst completion: 0.00 secs
Total CPU time to Xst completion: 0.06 secs
 
--> 
Parameter xsthdpdir set to xst


Total REAL time to Xst completion: 0.00 secs
Total CPU time to Xst completion: 0.06 secs
 
--> 
Reading design: IMUL.prj

TABLE OF CONTENTS
  1) Synthesis Options Summary
  2) HDL Compilation
  3) Design Hierarchy Analysis
  4) HDL Analysis
  5) HDL Synthesis
     5.1) HDL Synthesis Report
  6) Advanced HDL Synthesis
     6.1) Advanced HDL Synthesis Report
  7) Low Level Synthesis
  8) Partition Report
  9) Final Report
	9.1) Device utilization summary
	9.2) Partition Resource Summary
	9.3) TIMING REPORT


=========================================================================
*                      Synthesis Options Summary                        *
=========================================================================
---- Source Parameters
Input File Name                    : "IMUL.prj"
Input Format                       : mixed
Ignore Synthesis Constraint File   : NO

---- Target Parameters
Output File Name                   : "IMUL"
Output Format                      : NGC
Target Device                      : xc3s100e-5-vq100

---- Source Options
Top Module Name                    : IMUL
Automatic FSM Extraction           : YES
FSM Encoding Algorithm             : Auto
Safe Implementation                : No
FSM Style                          : LUT
RAM Extraction                     : Yes
RAM Style                          : Auto
ROM Extraction                     : Yes
Mux Style                          : Auto
Decoder Extraction                 : YES
Priority Encoder Extraction        : Yes
Shift Register Extraction          : YES
Logical Shifter Extraction         : YES
XOR Collapsing                     : YES
ROM Style                          : Auto
Mux Extraction                     : Yes
Resource Sharing                   : YES
Asynchronous To Synchronous        : NO
Multiplier Style                   : Auto
Automatic Register Balancing       : No

---- Target Options
Add IO Buffers                     : YES
Global Maximum Fanout              : 500
Add Generic Clock Buffer(BUFG)     : 24
Register Duplication               : YES
Slice Packing                      : YES
Optimize Instantiated Primitives   : NO
Use Clock Enable                   : Yes
Use Synchronous Set                : Yes
Use Synchronous Reset              : Yes
Pack IO Registers into IOBs        : Auto
Equivalent register Removal        : YES

---- General Options
Optimization Goal                  : Speed
Optimization Effort                : 1
Keep Hierarchy                     : No
Netlist Hierarchy                  : As_Optimized
RTL Output                         : Yes
Global Optimization                : AllClockNets
Read Cores                         : YES
Write Timing Constraints           : NO
Cross Clock Analysis               : NO
Hierarchy Separator                : /
Bus Delimiter                      : <>
Case Specifier                     : Maintain
Slice Utilization Ratio            : 100
BRAM Utilization Ratio             : 100
Verilog 2001                       : YES
Auto BRAM Packing                  : NO
Slice Utilization Ratio Delta      : 5

=========================================================================


=========================================================================
*                          HDL Compilation                              *
=========================================================================
Compiling verilog file "IMUL.v" in library work
Module <IMUL> compiled
Module <MODULE_ADDER> compiled
WARNING:HDLCompilers:198 - "IMUL.v" line 55 Index 1 in word-select of vector wire array 'Carry' is out of range
WARNING:HDLCompilers:198 - "IMUL.v" line 56 Index 1 in word-select of vector wire array 'Carry' is out of range
WARNING:HDLCompilers:198 - "IMUL.v" line 57 Index 1 in word-select of vector wire array 'Temp' is out of range
WARNING:HDLCompilers:198 - "IMUL.v" line 67 Index 1 in word-select of vector wire array 'Carry' is out of range
WARNING:HDLCompilers:198 - "IMUL.v" line 68 Index 1 in word-select of vector wire array 'Carry' is out of range
WARNING:HDLCompilers:198 - "IMUL.v" line 69 Index 1 in word-select of vector wire array 'Temp' is out of range
WARNING:HDLCompilers:198 - "IMUL.v" line 76 Index 1 in word-select of vector wire array 'Carry' is out of range
WARNING:HDLCompilers:198 - "IMUL.v" line 77 Index 1 in word-select of vector wire array 'Temp' is out of range
WARNING:HDLCompilers:198 - "IMUL.v" line 86 Index 1 in word-select of vector wire array 'Carry' is out of range
WARNING:HDLCompilers:198 - "IMUL.v" line 87 Index 1 in word-select of vector wire array 'Temp' is out of range
WARNING:HDLCompilers:198 - "IMUL.v" line 61 Index 1 in word-select of vector wire array 'Temp' is out of range
No errors in compilation
Analysis of file <"IMUL.prj"> succeeded.
 

=========================================================================
*                     Design Hierarchy Analysis                         *
=========================================================================
Analyzing hierarchy for module <IMUL> in library <work>.

Analyzing hierarchy for module <MODULE_ADDER> in library <work>.


=========================================================================
*                            HDL Analysis                               *
=========================================================================
Analyzing top module <IMUL>.
ERROR:Xst:868 - "IMUL.v" line 61: Index out of range for Temp.
ERROR:Xst:868 - "IMUL.v" line 52: Index out of range for Carry.
ERROR:Xst:868 - "IMUL.v" line 52: Index out of range for Carry.
ERROR:Xst:868 - "IMUL.v" line 52: Index out of range for Temp.
ERROR:Xst:868 - "IMUL.v" line 64: Index out of range for Carry.
ERROR:Xst:868 - "IMUL.v" line 64: Index out of range for Carry.
ERROR:Xst:868 - "IMUL.v" line 64: Index out of range for Temp.
ERROR:Xst:868 - "IMUL.v" line 72: Index out of range for Carry.
ERROR:Xst:868 - "IMUL.v" line 72: Index out of range for Temp.
ERROR:Xst:868 - "IMUL.v" line 82: Index out of range for Carry.
ERROR:Xst:868 - "IMUL.v" line 82: Index out of range for Temp.
 
Found 11 error(s). Aborting synthesis.
--> 


Total memory usage is 508904 kilobytes

Number of errors   :   11 (   0 filtered)
Number of warnings :   25 (   0 filtered)
Number of infos    :    0 (   0 filtered)

