Release 14.7 - xst P.20131013 (lin64)
Copyright (c) 1995-2013 Xilinx, Inc.  All rights reserved.
--> 
Parameter TMPDIR set to xst/projnav.tmp


Total REAL time to Xst completion: 0.00 secs
Total CPU time to Xst completion: 0.05 secs
 
--> 
Parameter xsthdpdir set to xst


Total REAL time to Xst completion: 0.00 secs
Total CPU time to Xst completion: 0.05 secs
 
--> 
Reading design: MiniAlu.prj

TABLE OF CONTENTS
  1) Synthesis Options Summary
  2) HDL Compilation
  3) Design Hierarchy Analysis
  4) HDL Analysis
  5) HDL Synthesis
     5.1) HDL Synthesis Report
  6) Advanced HDL Synthesis
     6.1) Advanced HDL Synthesis Report
  7) Low Level Synthesis
  8) Partition Report
  9) Final Report
	9.1) Device utilization summary
	9.2) Partition Resource Summary
	9.3) TIMING REPORT


=========================================================================
*                      Synthesis Options Summary                        *
=========================================================================
---- Source Parameters
Input File Name                    : "MiniAlu.prj"
Input Format                       : mixed
Ignore Synthesis Constraint File   : NO

---- Target Parameters
Output File Name                   : "MiniAlu"
Output Format                      : NGC
Target Device                      : xc3s100e-5-vq100

---- Source Options
Top Module Name                    : MiniAlu
Automatic FSM Extraction           : YES
FSM Encoding Algorithm             : Auto
Safe Implementation                : No
FSM Style                          : LUT
RAM Extraction                     : Yes
RAM Style                          : Auto
ROM Extraction                     : Yes
Mux Style                          : Auto
Decoder Extraction                 : YES
Priority Encoder Extraction        : Yes
Shift Register Extraction          : YES
Logical Shifter Extraction         : YES
XOR Collapsing                     : YES
ROM Style                          : Auto
Mux Extraction                     : Yes
Resource Sharing                   : YES
Asynchronous To Synchronous        : NO
Multiplier Style                   : Auto
Automatic Register Balancing       : No

---- Target Options
Add IO Buffers                     : YES
Global Maximum Fanout              : 500
Add Generic Clock Buffer(BUFG)     : 24
Register Duplication               : YES
Slice Packing                      : YES
Optimize Instantiated Primitives   : NO
Use Clock Enable                   : Yes
Use Synchronous Set                : Yes
Use Synchronous Reset              : Yes
Pack IO Registers into IOBs        : Auto
Equivalent register Removal        : YES

---- General Options
Optimization Goal                  : Speed
Optimization Effort                : 1
Keep Hierarchy                     : No
Netlist Hierarchy                  : As_Optimized
RTL Output                         : Yes
Global Optimization                : AllClockNets
Read Cores                         : YES
Write Timing Constraints           : NO
Cross Clock Analysis               : NO
Hierarchy Separator                : /
Bus Delimiter                      : <>
Case Specifier                     : Maintain
Slice Utilization Ratio            : 100
BRAM Utilization Ratio             : 100
Verilog 2001                       : YES
Auto BRAM Packing                  : NO
Slice Utilization Ratio Delta      : 5

=========================================================================


=========================================================================
*                          HDL Compilation                              *
=========================================================================
Compiling verilog file "RAM.v" in library work
Compiling verilog file "Module_ROM.v" in library work
Compiling verilog include file "Defintions.v"
Module <RAM_DUAL_READ_PORT> compiled
Compiling verilog file "IMUL.v" in library work
Module <ROM> compiled
ERROR:HDLCompilers:28 - "IMUL.v" line 25 'FILAMAX' has not been declared
ERROR:HDLCompilers:297 - "IMUL.v" line 25 Generated begin-end blocks must be named
ERROR:HDLCompilers:27 - "IMUL.v" line 25 Illegal redeclaration of ''
ERROR:HDLCompilers:28 - "IMUL.v" line 26 'COLMAX' has not been declared
ERROR:HDLCompilers:297 - "IMUL.v" line 26 Generated begin-end blocks must be named
ERROR:HDLCompilers:28 - "IMUL.v" line 40 'COLMAX' has not been declared
ERROR:HDLCompilers:28 - "IMUL.v" line 48 'COLMAX' has not been declared
ERROR:HDLCompilers:28 - "IMUL.v" line 58 'FILAMAX' has not been declared
ERROR:HDLCompilers:28 - "IMUL.v" line 69 'COLMAX' has not been declared
ERROR:HDLCompilers:28 - "IMUL.v" line 77 'COLMAX' has not been declared
ERROR:HDLCompilers:28 - "IMUL.v" line 87 'FILAMAX' has not been declared
ERROR:HDLCompilers:28 - "IMUL.v" line 98 'COLMAX' has not been declared
ERROR:HDLCompilers:28 - "IMUL.v" line 107 'COLMAX' has not been declared
ERROR:HDLCompilers:26 - "IMUL.v" line 119 expecting 'endgenerate', found 'end'
Module <IMUL> compiled
Compiling verilog file "Collaterals.v" in library work
Module <MODULE_ADDER> compiled
Module <UPCOUNTER_POSEDGE> compiled
Compiling verilog file "../Imul_cajas/MiniAlu.v" in library work
Compiling verilog include file "Defintions.v"
Module <FFD_POSEDGE_SYNCRONOUS_RESET> compiled
Module <MiniAlu> compiled
Analysis of file <"MiniAlu.prj"> failed.
--> 


Total memory usage is 492984 kilobytes

Number of errors   :   14 (   0 filtered)
Number of warnings :    0 (   0 filtered)
Number of infos    :    0 (   0 filtered)

