Running: /home/nano/Desktop/LabDigitales/Xil/14.7/ISE_DS/ISE/bin/lin64/unwrapped/fuse -intstyle ise -incremental -lib unisims_ver -lib unimacro_ver -lib xilinxcorelib_ver -o /home/nano/Desktop/LabDigitales/DocEx2/ParteII/TestBench_isim_beh.exe -prj /home/nano/Desktop/LabDigitales/DocEx2/ParteII/TestBench_beh.prj work.TestBench work.glbl 
ISim P.20131013 (signature 0xfbc00daa)
Number of CPUs detected in this system: 2
Turning on mult-threading, number of parallel sub-compilation jobs: 4 
Determining compilation order of HDL files
Analyzing Verilog file "/home/nano/Desktop/LabDigitales/DocEx2/ParteII/TMUL.v" into library work
Analyzing Verilog file "/home/nano/Desktop/LabDigitales/DocEx2/ParteII/RAM.v" into library work
Analyzing Verilog file "/home/nano/Desktop/LabDigitales/DocEx2/ParteII/Module_ROM.v" into library work
Analyzing Verilog file "/home/nano/Desktop/LabDigitales/DocEx2/ParteII/Collaterals.v" into library work
Analyzing Verilog file "/home/nano/Desktop/LabDigitales/DocEx2/ParteII/MiniAlu.v" into library work
Analyzing Verilog file "/home/nano/Desktop/LabDigitales/DocEx2/ParteII/TestBench.v" into library work
Analyzing Verilog file "/home/nano/Desktop/LabDigitales/Xil/14.7/ISE_DS/ISE//verilog/src/glbl.v" into library work
Starting static elaboration
WARNING:HDLCompiler:189 - "/home/nano/Desktop/LabDigitales/DocEx2/ParteII/TMUL.v" Line 48: Size mismatch in connection of port <wA>. Formal port size is 1-bit while actual signal size is 32-bit.
WARNING:HDLCompiler:189 - "/home/nano/Desktop/LabDigitales/DocEx2/ParteII/TMUL.v" Line 60: Size mismatch in connection of port <wCi>. Formal port size is 1-bit while actual signal size is 32-bit.
WARNING:HDLCompiler:189 - "/home/nano/Desktop/LabDigitales/DocEx2/ParteII/TMUL.v" Line 94: Size mismatch in connection of port <wCi>. Formal port size is 1-bit while actual signal size is 32-bit.
WARNING:HDLCompiler:189 - "/home/nano/Desktop/LabDigitales/DocEx2/ParteII/TMUL.v" Line 14: Size mismatch in connection of port <wB>. Formal port size is 1-bit while actual signal size is 32-bit.
WARNING:HDLCompiler:189 - "/home/nano/Desktop/LabDigitales/DocEx2/ParteII/TMUL.v" Line 15: Size mismatch in connection of port <wCi>. Formal port size is 1-bit while actual signal size is 32-bit.
WARNING:HDLCompiler:189 - "/home/nano/Desktop/LabDigitales/DocEx2/ParteII/MiniAlu.v" Line 65: Size mismatch in connection of port <Initial>. Formal port size is 16-bit while actual signal size is 32-bit.
WARNING:HDLCompiler:189 - "/home/nano/Desktop/LabDigitales/DocEx2/ParteII/MiniAlu.v" Line 76: Size mismatch in connection of port <D>. Formal port size is 8-bit while actual signal size is 4-bit.
WARNING:HDLCompiler:189 - "/home/nano/Desktop/LabDigitales/DocEx2/ParteII/MiniAlu.v" Line 77: Size mismatch in connection of port <Q>. Formal port size is 8-bit while actual signal size is 4-bit.
WARNING:HDLCompiler:189 - "/home/nano/Desktop/LabDigitales/DocEx2/ParteII/MiniAlu.v" Line 114: Size mismatch in connection of port <D>. Formal port size is 8-bit while actual signal size is 16-bit.
Completed static elaboration
Fuse Memory Usage: 95204 KB
Fuse CPU Usage: 3410 ms
Compiling module ROM
Compiling module RAM_DUAL_READ_PORT
Compiling module MODULE_ADDER
Compiling module TMUL
Compiling module UPCOUNTER_POSEDGE
Compiling module FFD_POSEDGE_SYNCRONOUS_RESET
Compiling module FFD_POSEDGE_SYNCRONOUS_RESET(SIZ...
Compiling module MiniAlu
Compiling module TestBench
Compiling module glbl
Time Resolution for simulation is 1ps.
Waiting for 7 sub-compilation(s) to finish...
Compiled 10 Verilog Units
Built simulation executable /home/nano/Desktop/LabDigitales/DocEx2/ParteII/TestBench_isim_beh.exe
Fuse Memory Usage: 392952 KB
Fuse CPU Usage: 3490 ms
GCC CPU Usage: 2420 ms
